<?xml version="1.0" encoding="UTF-8"?>
<!-- Generated by org.testng.reporters.JUnitReportReporter -->
<testsuite hostname="LTIN342151" failures="0" tests="3" name="testCases.TC_003_FormFill" time="51.222" errors="0" timestamp="2024-03-26T14:51:23 IST" skipped="0">
  <testcase classname="testCases.TC_003_FormFill" name="goEnterprise" time="26.071"/>
  <testcase classname="testCases.TC_003_FormFill" name="goCampus" time="10.303"/>
  <testcase classname="testCases.TC_003_FormFill" name="fillingForm" time="14.848"/>
</testsuite> <!-- testCases.TC_003_FormFill -->
