<?xml version="1.0" encoding="UTF-8"?>
<!-- Generated by org.testng.reporters.JUnitReportReporter -->
<testsuite hostname="LTIN342151" failures="0" tests="8" name="testCases.TC_004_FormFillDataDriven" time="137.359" errors="0" timestamp="2024-03-26T14:51:22 IST" skipped="0">
  <testcase classname="testCases.TC_004_FormFillDataDriven" name="dataFill" time="23.464"/>
  <testcase classname="testCases.TC_004_FormFillDataDriven" name="dataFill" time="6.393"/>
  <testcase classname="testCases.TC_004_FormFillDataDriven" name="dataFill" time="14.608"/>
  <testcase classname="testCases.TC_004_FormFillDataDriven" name="dataFill" time="14.761"/>
  <testcase classname="testCases.TC_004_FormFillDataDriven" name="dataFill" time="24.422"/>
  <testcase classname="testCases.TC_004_FormFillDataDriven" name="dataFill" time="14.509"/>
  <testcase classname="testCases.TC_004_FormFillDataDriven" name="dataFill" time="24.653"/>
  <testcase classname="testCases.TC_004_FormFillDataDriven" name="dataFill" time="14.549"/>
</testsuite> <!-- testCases.TC_004_FormFillDataDriven -->
