<?xml version="1.0" encoding="UTF-8"?>
<!-- Generated by org.testng.reporters.JUnitReportReporter -->
<testsuite hostname="LTIN342151" failures="0" tests="3" name="testCases.TC_001_WebDevlopment" time="67.831" errors="0" timestamp="2024-03-26T14:51:22 IST" skipped="0">
  <testcase classname="testCases.TC_001_WebDevlopment" name="searchWebDevlopment" time="38.668"/>
  <testcase classname="testCases.TC_001_WebDevlopment" name="clickFilter" time="12.424"/>
  <testcase classname="testCases.TC_001_WebDevlopment" name="printInfo" time="16.739"/>
</testsuite> <!-- testCases.TC_001_WebDevlopment -->
